2025-01-25 23:10:09 [error]: Server initialization failed {
  "error": "\u001b[1;91merror\u001b[0m: \u001b[1mError validating datasource `db`: the URL must start with the protocol `postgresql://` or `postgres://`.\u001b[0m\n  \u001b[1;94m-->\u001b[0m  \u001b[4mschema.prisma:9\u001b[0m\n\u001b[1;94m   | \u001b[0m\n\u001b[1;94m 8 | \u001b[0m  provider = \"postgresql\"\n\u001b[1;94m 9 | \u001b[0m  url      = \u001b[1;91menv(\"DATABASE_URL\")\u001b[0m\n\u001b[1;94m   | \u001b[0m\n\nValidation Error Count: 1"
}
PrismaClientInitializationError: [1;91merror[0m: [1mError validating datasource `db`: the URL must start with the protocol `postgresql://` or `postgres://`.[0m
  [1;94m-->[0m  [4mschema.prisma:9[0m
[1;94m   | [0m
[1;94m 8 | [0m  provider = "postgresql"
[1;94m 9 | [0m  url      = [1;91menv("DATABASE_URL")[0m
[1;94m   | [0m

Validation Error Count: 1
    at t (/Users/apas/CascadeProjects/multimodule-webapp/backend/node_modules/@prisma/client/runtime/library.js:112:2473)
    at main (/Users/apas/CascadeProjects/multimodule-webapp/backend/src/index.ts:46:5)
2025-01-25 23:10:09 [error]: Server initialization failed {
  "error": "\u001b[1;91merror\u001b[0m: \u001b[1mError validating datasource `db`: the URL must start with the protocol `postgresql://` or `postgres://`.\u001b[0m\n  \u001b[1;94m-->\u001b[0m  \u001b[4mschema.prisma:9\u001b[0m\n\u001b[1;94m   | \u001b[0m\n\u001b[1;94m 8 | \u001b[0m  provider = \"postgresql\"\n\u001b[1;94m 9 | \u001b[0m  url      = \u001b[1;91menv(\"DATABASE_URL\")\u001b[0m\n\u001b[1;94m   | \u001b[0m\n\nValidation Error Count: 1"
}
PrismaClientInitializationError: [1;91merror[0m: [1mError validating datasource `db`: the URL must start with the protocol `postgresql://` or `postgres://`.[0m
  [1;94m-->[0m  [4mschema.prisma:9[0m
[1;94m   | [0m
[1;94m 8 | [0m  provider = "postgresql"
[1;94m 9 | [0m  url      = [1;91menv("DATABASE_URL")[0m
[1;94m   | [0m

Validation Error Count: 1
    at t (/Users/apas/CascadeProjects/multimodule-webapp/backend/node_modules/@prisma/client/runtime/library.js:112:2473)
    at main (/Users/apas/CascadeProjects/multimodule-webapp/backend/src/index.ts:46:5)
2025-01-25 23:10:09 [error]: Server initialization failed {
  "error": "\u001b[1;91merror\u001b[0m: \u001b[1mError validating datasource `db`: the URL must start with the protocol `postgresql://` or `postgres://`.\u001b[0m\n  \u001b[1;94m-->\u001b[0m  \u001b[4mschema.prisma:9\u001b[0m\n\u001b[1;94m   | \u001b[0m\n\u001b[1;94m 8 | \u001b[0m  provider = \"postgresql\"\n\u001b[1;94m 9 | \u001b[0m  url      = \u001b[1;91menv(\"DATABASE_URL\")\u001b[0m\n\u001b[1;94m   | \u001b[0m\n\nValidation Error Count: 1"
}
PrismaClientInitializationError: [1;91merror[0m: [1mError validating datasource `db`: the URL must start with the protocol `postgresql://` or `postgres://`.[0m
  [1;94m-->[0m  [4mschema.prisma:9[0m
[1;94m   | [0m
[1;94m 8 | [0m  provider = "postgresql"
[1;94m 9 | [0m  url      = [1;91menv("DATABASE_URL")[0m
[1;94m   | [0m

Validation Error Count: 1
    at t (/Users/apas/CascadeProjects/multimodule-webapp/backend/node_modules/@prisma/client/runtime/library.js:112:2473)
    at main (/Users/apas/CascadeProjects/multimodule-webapp/backend/src/index.ts:46:5)
2025-01-25 23:10:51 [error]: Server initialization failed {
  "error": "\u001b[1;91merror\u001b[0m: \u001b[1mError validating datasource `db`: the URL must start with the protocol `postgresql://` or `postgres://`.\u001b[0m\n  \u001b[1;94m-->\u001b[0m  \u001b[4mschema.prisma:9\u001b[0m\n\u001b[1;94m   | \u001b[0m\n\u001b[1;94m 8 | \u001b[0m  provider = \"postgresql\"\n\u001b[1;94m 9 | \u001b[0m  url      = \u001b[1;91menv(\"DATABASE_URL\")\u001b[0m\n\u001b[1;94m   | \u001b[0m\n\nValidation Error Count: 1"
}
PrismaClientInitializationError: [1;91merror[0m: [1mError validating datasource `db`: the URL must start with the protocol `postgresql://` or `postgres://`.[0m
  [1;94m-->[0m  [4mschema.prisma:9[0m
[1;94m   | [0m
[1;94m 8 | [0m  provider = "postgresql"
[1;94m 9 | [0m  url      = [1;91menv("DATABASE_URL")[0m
[1;94m   | [0m

Validation Error Count: 1
    at t (/Users/apas/CascadeProjects/multimodule-webapp/backend/node_modules/@prisma/client/runtime/library.js:112:2473)
    at main (/Users/apas/CascadeProjects/multimodule-webapp/backend/src/index.ts:46:5)
2025-01-25 23:15:58 [error]: Server initialization failed {
  "error": "\u001b[1;91merror\u001b[0m: \u001b[1mError validating datasource `db`: the URL must start with the protocol `postgresql://` or `postgres://`.\u001b[0m\n  \u001b[1;94m-->\u001b[0m  \u001b[4mschema.prisma:9\u001b[0m\n\u001b[1;94m   | \u001b[0m\n\u001b[1;94m 8 | \u001b[0m  provider = \"postgresql\"\n\u001b[1;94m 9 | \u001b[0m  url      = \u001b[1;91menv(\"DATABASE_URL\")\u001b[0m\n\u001b[1;94m   | \u001b[0m\n\nValidation Error Count: 1"
}
PrismaClientInitializationError: [1;91merror[0m: [1mError validating datasource `db`: the URL must start with the protocol `postgresql://` or `postgres://`.[0m
  [1;94m-->[0m  [4mschema.prisma:9[0m
[1;94m   | [0m
[1;94m 8 | [0m  provider = "postgresql"
[1;94m 9 | [0m  url      = [1;91menv("DATABASE_URL")[0m
[1;94m   | [0m

Validation Error Count: 1
    at t (/Users/apas/CascadeProjects/multimodule-webapp/backend/node_modules/@prisma/client/runtime/library.js:112:2473)
    at main (/Users/apas/CascadeProjects/multimodule-webapp/backend/src/index.ts:46:5)
